Using pre-set license
Built from '2022.2/staging' branch; Version is '2022.2.5f1 (551d45108343) revision 5578053'; Using compiler version '192829333'; Build Type 'Release'
OS: 'Windows 11  (10.0.22621) 64bit Professional' Language: 'en' Physical Memory: 32620 MB
BatchMode: 1, IsHumanControllingUs: 0, StartBugReporterOnCrash: 0, Is64bit: 1, IsPro: 1

COMMAND LINE ARGUMENTS:
D:\Software\Unity Engine\2022.2.5f1\Editor\Unity.exe
-adb2
-batchMode
-noUpm
-name
AssetImportWorker4
-projectPath
D:/Projects/UnityProject/Shader-Nature-Surface
-logFile
Logs/AssetImportWorker4.log
-srvPort
57993
Successfully changed project path to: D:/Projects/UnityProject/Shader-Nature-Surface
D:/Projects/UnityProject/Shader-Nature-Surface
[UnityMemory] Configuration Parameters - Can be set up in boot.config
    "memorysetup-bucket-allocator-granularity=16"
    "memorysetup-bucket-allocator-bucket-count=8"
    "memorysetup-bucket-allocator-block-size=33554432"
    "memorysetup-bucket-allocator-block-count=8"
    "memorysetup-main-allocator-block-size=16777216"
    "memorysetup-thread-allocator-block-size=16777216"
    "memorysetup-gfx-main-allocator-block-size=16777216"
    "memorysetup-gfx-thread-allocator-block-size=16777216"
    "memorysetup-cache-allocator-block-size=4194304"
    "memorysetup-typetree-allocator-block-size=2097152"
    "memorysetup-profiler-bucket-allocator-granularity=16"
    "memorysetup-profiler-bucket-allocator-bucket-count=8"
    "memorysetup-profiler-bucket-allocator-block-size=33554432"
    "memorysetup-profiler-bucket-allocator-block-count=8"
    "memorysetup-profiler-allocator-block-size=16777216"
    "memorysetup-profiler-editor-allocator-block-size=1048576"
    "memorysetup-temp-allocator-size-main=16777216"
    "memorysetup-job-temp-allocator-block-size=2097152"
    "memorysetup-job-temp-allocator-block-size-background=1048576"
    "memorysetup-job-temp-allocator-reduction-small-platforms=262144"
    "memorysetup-temp-allocator-size-background-worker=32768"
    "memorysetup-temp-allocator-size-job-worker=262144"
    "memorysetup-temp-allocator-size-preload-manager=33554432"
    "memorysetup-temp-allocator-size-nav-mesh-worker=65536"
    "memorysetup-temp-allocator-size-audio-worker=65536"
    "memorysetup-temp-allocator-size-cloud-worker=32768"
    "memorysetup-temp-allocator-size-gi-baking-worker=262144"
    "memorysetup-temp-allocator-size-gfx=262144"
Player connection [20648] Host "[IP] 192.168.1.2 [Port] 0 [Flags] 2 [Guid] 158807706 [EditorId] 158807706 [Version] 1048832 [Id] WindowsEditor(7,NAHHHHHHHHHHH) [Debug] 1 [PackageName] WindowsEditor [ProjectName] Editor" joined multi-casting on [225.0.0.222:54997]...

Player connection [20648] Host "[IP] 192.168.1.2 [Port] 0 [Flags] 2 [Guid] 158807706 [EditorId] 158807706 [Version] 1048832 [Id] WindowsEditor(7,NAHHHHHHHHHHH) [Debug] 1 [PackageName] WindowsEditor [ProjectName] Editor" joined alternative multi-casting on [225.0.0.222:34997]...

Refreshing native plugins compatible for Editor in 5.80 ms, found 3 plugins.
Preloading 0 native plugins for Editor in 0.00 ms.
Initialize engine version: 2022.2.5f1 (551d45108343)
[Subsystems] Discovering subsystems at path D:/Software/Unity Engine/2022.2.5f1/Editor/Data/Resources/UnitySubsystems
[Subsystems] Discovering subsystems at path D:/Projects/UnityProject/Shader-Nature-Surface/Assets
GfxDevice: creating device client; threaded=0; jobified=0
Direct3D:
    Version:  Direct3D 11.0 [level 11.1]
    Renderer: AMD Radeon RX 6800 (ID=0x73bf)
    Vendor:   ATI
    VRAM:     16338 MB
    Driver:   31.0.12029.10015
Initialize mono
Mono path[0] = 'D:/Software/Unity Engine/2022.2.5f1/Editor/Data/Managed'
Mono path[1] = 'D:/Software/Unity Engine/2022.2.5f1/Editor/Data/MonoBleedingEdge/lib/mono/unityjit-win32'
Mono config path = 'D:/Software/Unity Engine/2022.2.5f1/Editor/Data/MonoBleedingEdge/etc'
Using monoOptions --debugger-agent=transport=dt_socket,embedding=1,server=y,suspend=n,address=127.0.0.1:56436
Begin MonoManager ReloadAssembly
Registering precompiled unity dll's ...
Register platform support module: D:/Software/Unity Engine/2022.2.5f1/Editor/Data/PlaybackEngines/WindowsStandaloneSupport/UnityEditor.WindowsStandalone.Extensions.dll
Registered in 0.002328 seconds.
- Loaded All Assemblies, in  0.260 seconds
Native extension for WindowsStandalone target not found
Mono: successfully reloaded assembly
- Finished resetting the current domain, in  0.221 seconds
Domain Reload Profiling:
	ReloadAssembly (148ms)
		BeginReloadAssembly (56ms)
			ExecutionOrderSort (0ms)
			DisableScriptedObjects (0ms)
			BackupInstance (0ms)
			ReleaseScriptingObjects (0ms)
			CreateAndSetChildDomain (1ms)
		LoadAllAssembliesAndSetupDomain (0ms)
			LoadAssemblies (56ms)
			RebuildTransferFunctionScriptingTraits (0ms)
			SetupTypeCache (109ms)
				TypeCache.Initialize (109ms)
					TypeCache.ScanAssembly (107ms)
				ResolveRequiredComponents (0ms)
		FinalizeReload (0ms)
			ReleaseScriptCaches (0ms)
			RebuildScriptCaches (0ms)
			SetupLoadedEditorAssemblies (171ms)
				LogAssemblyErrors (0ms)
				InitializePlatformSupportModulesInManaged (6ms)
				SetLoadedEditorAssemblies (6ms)
				RefreshPlugins (0ms)
				BeforeProcessingInitializeOnLoad (1ms)
				ProcessInitializeOnLoadAttributes (119ms)
				ProcessInitializeOnLoadMethodAttributes (40ms)
				AfterProcessingInitializeOnLoad (0ms)
				EditorAssembliesLoaded (0ms)
			ExecutionOrderSort2 (0ms)
			AwakeInstancesAfterBackupRestoration (0ms)
========================================================================
Worker process is ready to serve import requests
Begin MonoManager ReloadAssembly
Symbol file LoadedFromMemory doesn't match image D:\Projects\UnityProject\Shader-Nature-Surface\Library\PackageCache\com.unity.visualscripting@1.8.0\Editor\VisualScripting.Core\Dependencies\YamlDotNet\Unity.VisualScripting.YamlDotNet.dll
Symbol file LoadedFromMemory doesn't match image D:\Projects\UnityProject\Shader-Nature-Surface\Library\PackageCache\com.unity.visualscripting@1.8.0\Editor\VisualScripting.Core\Dependencies\DotNetZip\Unity.VisualScripting.IonicZip.dll
- Loaded All Assemblies, in  0.686 seconds
Refreshing native plugins compatible for Editor in 1.73 ms, found 3 plugins.
Native extension for WindowsStandalone target not found
Mono: successfully reloaded assembly
- Finished resetting the current domain, in  0.601 seconds
Domain Reload Profiling:
	ReloadAssembly (172ms)
		BeginReloadAssembly (94ms)
			ExecutionOrderSort (0ms)
			DisableScriptedObjects (5ms)
			BackupInstance (0ms)
			ReleaseScriptingObjects (0ms)
			CreateAndSetChildDomain (20ms)
		LoadAllAssembliesAndSetupDomain (514ms)
			LoadAssemblies (174ms)
			RebuildTransferFunctionScriptingTraits (0ms)
			SetupTypeCache (380ms)
				TypeCache.Initialize (253ms)
					TypeCache.ScanAssembly (249ms)
				ResolveRequiredComponents (8ms)
		FinalizeReload (0ms)
			ReleaseScriptCaches (0ms)
			RebuildScriptCaches (0ms)
			SetupLoadedEditorAssemblies (475ms)
				LogAssemblyErrors (0ms)
				InitializePlatformSupportModulesInManaged (4ms)
				SetLoadedEditorAssemblies (3ms)
				RefreshPlugins (0ms)
				BeforeProcessingInitializeOnLoad (48ms)
				ProcessInitializeOnLoadAttributes (371ms)
				ProcessInitializeOnLoadMethodAttributes (48ms)
				AfterProcessingInitializeOnLoad (2ms)
				EditorAssembliesLoaded (0ms)
			ExecutionOrderSort2 (0ms)
			AwakeInstancesAfterBackupRestoration (5ms)
Launched and connected shader compiler UnityShaderCompiler.exe after 0.03 seconds
Refreshing native plugins compatible for Editor in 1.83 ms, found 3 plugins.
Preloading 0 native plugins for Editor in 0.00 ms.
Unloading 4862 Unused Serialized files (Serialized files now loaded: 0)
Unloading 36 unused Assets / (0.7 MB). Loaded Objects now: 5316.
Memory consumption went from 0.75 GB to 0.75 GB.
Total: 4.214000 ms (FindLiveObjects: 0.450000 ms CreateObjectMapping: 0.664600 ms MarkObjects: 2.761500 ms  DeleteObjects: 0.337100 ms)

AssetImportParameters requested are different than current active one (requested -> active):
  custom:container-demuxer-ogg: 62fdf1f143b41e24485cea50d1cbac27 -> 
  custom:video-codec-MediaFoundation-h265: 746d11721c4dcdbdad8f713fa42b33f4 -> 
  custom:video-decoder-ogg-theora: a1e56fd34408186e4bbccfd4996cb3dc -> 
  custom:framework-win-MediaFoundation: 216162199b28c13a410421893ffa2e32 -> 
  custom:container-demuxer-webm: 4f35f7cbe854078d1ac9338744f61a02 -> 
  custom:container-muxer-webm: aa71ff27fc2769a1b78a27578f13a17b -> 
  custom:video-decoder-webm-vp8: 9c59270c3fd7afecdb556c50c9e8de78 -> 
  custom:AudioImporter_EditorPlatform: d09bf68614088b80899f8185d706f6e7 -> 
  custom:video-encoder-webm-vp8: eb34c28f22e8b96e1ab97ce403110664 -> 
  custom:audio-decoder-ogg-vorbis: bf7c407c2cedff20999df2af8eb42d56 -> 
  custom:audio-encoder-webm-vorbis: bf7c407c2cedff20999df2af8eb42d56 -> 
========================================================================
Received Import Request.
  Time since last request: 46276.377289 seconds.
  path: Assets/Rock-Mat.mat
  artifactKey: Guid(e6968febae30fba408b2fb6011e2f311) Importer(815301076,1909f56bfc062723c751e8b465ee728b)
Start importing Assets/Rock-Mat.mat using Guid(e6968febae30fba408b2fb6011e2f311) Importer(815301076,1909f56bfc062723c751e8b465ee728b)  -> (artifact id: '7875145930aa57cfcd9a33299b9d12f3') in 0.272655 seconds 
Number of updated asset objects reloaded before import = 0
Number of asset objects unloaded after import = 5
========================================================================
Received Import Request.
  Time since last request: 79.761498 seconds.
  path: Assets/Rock-Mat.mat
  artifactKey: Guid(e6968febae30fba408b2fb6011e2f311) Importer(815301076,1909f56bfc062723c751e8b465ee728b)
Start importing Assets/Rock-Mat.mat using Guid(e6968febae30fba408b2fb6011e2f311) Importer(815301076,1909f56bfc062723c751e8b465ee728b)  -> (artifact id: 'db9a930879415554338972ff634740af') in 0.989102 seconds 
Number of updated asset objects reloaded before import = 1
Number of asset objects unloaded after import = 4
========================================================================
Received Import Request.
  Time since last request: 69.423346 seconds.
  path: Packages/com.unity.timeline/Editor/StyleSheets/Images/Icons/d_TrackAvatarButtonDisabled@2x.png
  artifactKey: Guid(fd194f75fe3d7ca4488fa775ae832fd8) Importer(815301076,1909f56bfc062723c751e8b465ee728b)
Start importing Packages/com.unity.timeline/Editor/StyleSheets/Images/Icons/d_TrackAvatarButtonDisabled@2x.png using Guid(fd194f75fe3d7ca4488fa775ae832fd8) Importer(815301076,1909f56bfc062723c751e8b465ee728b)  -> (artifact id: 'a98e64daef0acc78231a7d7525988eeb') in 0.013966 seconds 
Number of updated asset objects reloaded before import = 1
Number of asset objects unloaded after import = 2
========================================================================
Received Import Request.
  Time since last request: 0.001155 seconds.
  path: Packages/com.unity.timeline/Editor/StyleSheets/Images/Icons/d_TrackAvatarButtonEnabled@2x.png
  artifactKey: Guid(fd12dbe3b63ae464f824b4a74c0e1766) Importer(815301076,1909f56bfc062723c751e8b465ee728b)
Start importing Packages/com.unity.timeline/Editor/StyleSheets/Images/Icons/d_TrackAvatarButtonEnabled@2x.png using Guid(fd12dbe3b63ae464f824b4a74c0e1766) Importer(815301076,1909f56bfc062723c751e8b465ee728b)  -> (artifact id: 'eb67760b2898c68fec7ad896915fe3c1') in 0.019807 seconds 
Number of updated asset objects reloaded before import = 0
Number of asset objects unloaded after import = 2
========================================================================
Received Import Request.
  Time since last request: 0.000028 seconds.
  path: Packages/com.unity.timeline/Editor/StyleSheets/Images/Icons/d_TrackCurvesButtonDisabled.png
  artifactKey: Guid(d55a54a15106e3f418a43134888f2211) Importer(815301076,1909f56bfc062723c751e8b465ee728b)
Start importing Packages/com.unity.timeline/Editor/StyleSheets/Images/Icons/d_TrackCurvesButtonDisabled.png using Guid(d55a54a15106e3f418a43134888f2211) Importer(815301076,1909f56bfc062723c751e8b465ee728b)  -> (artifact id: 'fd59c55f5aba08dcd77d0f8d5a93b4bc') in 0.007365 seconds 
Number of updated asset objects reloaded before import = 0
Number of asset objects unloaded after import = 2
========================================================================
Received Import Request.
  Time since last request: 0.000017 seconds.
  path: Packages/com.unity.timeline/Editor/StyleSheets/Images/Icons/d_TrackCurvesButtonDisabled@2x.png
  artifactKey: Guid(1f3ea4caa6e0ec74388e4d7d16690e68) Importer(815301076,1909f56bfc062723c751e8b465ee728b)
Start importing Packages/com.unity.timeline/Editor/StyleSheets/Images/Icons/d_TrackCurvesButtonDisabled@2x.png using Guid(1f3ea4caa6e0ec74388e4d7d16690e68) Importer(815301076,1909f56bfc062723c751e8b465ee728b)  -> (artifact id: '9dcc08cc828fae8889964bac9700dba9') in 0.007065 seconds 
Number of updated asset objects reloaded before import = 0
Number of asset objects unloaded after import = 2
========================================================================
Received Import Request.
  Time since last request: 0.000017 seconds.
  path: Packages/com.unity.timeline/Editor/StyleSheets/Images/Icons/d_TrackCurvesButtonEnabled.png
  artifactKey: Guid(fbcdeb07ee516a64daa01ce462874280) Importer(815301076,1909f56bfc062723c751e8b465ee728b)
Start importing Packages/com.unity.timeline/Editor/StyleSheets/Images/Icons/d_TrackCurvesButtonEnabled.png using Guid(fbcdeb07ee516a64daa01ce462874280) Importer(815301076,1909f56bfc062723c751e8b465ee728b)  -> (artifact id: '92782ea7e281d27ecd8f4037de65f687') in 0.008785 seconds 
Number of updated asset objects reloaded before import = 0
Number of asset objects unloaded after import = 2
========================================================================
Received Import Request.
  Time since last request: 0.000023 seconds.
  path: Packages/com.unity.timeline/Editor/StyleSheets/Images/Icons/d_TrackLockButtonDisabled@2x.png
  artifactKey: Guid(6f0b77e050cdb12478ed9514b3a0e40e) Importer(815301076,1909f56bfc062723c751e8b465ee728b)
Start importing Packages/com.unity.timeline/Editor/StyleSheets/Images/Icons/d_TrackLockButtonDisabled@2x.png using Guid(6f0b77e050cdb12478ed9514b3a0e40e) Importer(815301076,1909f56bfc062723c751e8b465ee728b)  -> (artifact id: '4b164b01df382620ffecbb12adb6bd0d') in 0.009018 seconds 
Number of updated asset objects reloaded before import = 0
Number of asset objects unloaded after import = 2
========================================================================
Received Import Request.
  Time since last request: 6.080809 seconds.
  path: Assets/Rock-Mat.mat
  artifactKey: Guid(e6968febae30fba408b2fb6011e2f311) Importer(815301076,1909f56bfc062723c751e8b465ee728b)
Start importing Assets/Rock-Mat.mat using Guid(e6968febae30fba408b2fb6011e2f311) Importer(815301076,1909f56bfc062723c751e8b465ee728b)  -> (artifact id: '002183d450241ccf54af7124daf2d39d') in 0.019950 seconds 
Number of updated asset objects reloaded before import = 0
Number of asset objects unloaded after import = 4
========================================================================
Received Import Request.
  Time since last request: 104.192210 seconds.
  path: Assets/Rock-Mat.mat
  artifactKey: Guid(e6968febae30fba408b2fb6011e2f311) Importer(815301076,1909f56bfc062723c751e8b465ee728b)
Start importing Assets/Rock-Mat.mat using Guid(e6968febae30fba408b2fb6011e2f311) Importer(815301076,1909f56bfc062723c751e8b465ee728b)  -> (artifact id: '2206af7233793fa6b0626ad231f4ff95') in 1.118150 seconds 
Number of updated asset objects reloaded before import = 1
Number of asset objects unloaded after import = 4
========================================================================
Received Import Request.
  Time since last request: 776.047593 seconds.
  path: Assets/Rock-Mat.mat
  artifactKey: Guid(e6968febae30fba408b2fb6011e2f311) Importer(815301076,1909f56bfc062723c751e8b465ee728b)
Start importing Assets/Rock-Mat.mat using Guid(e6968febae30fba408b2fb6011e2f311) Importer(815301076,1909f56bfc062723c751e8b465ee728b)  -> (artifact id: 'ef9e0ada85de27a2032694675db54a12') in 1.503533 seconds 
Number of updated asset objects reloaded before import = 1
Number of asset objects unloaded after import = 5
========================================================================
Received Import Request.
  Time since last request: 146.488575 seconds.
  path: Assets/Rock-Mat.mat
  artifactKey: Guid(e6968febae30fba408b2fb6011e2f311) Importer(815301076,1909f56bfc062723c751e8b465ee728b)
Start importing Assets/Rock-Mat.mat using Guid(e6968febae30fba408b2fb6011e2f311) Importer(815301076,1909f56bfc062723c751e8b465ee728b)  -> (artifact id: '8a16d5fe556d5453609bc0e35767ca3c') in 1.177400 seconds 
Number of updated asset objects reloaded before import = 1
Number of asset objects unloaded after import = 5
========================================================================
Received Import Request.
  Time since last request: 83.283293 seconds.
  path: Assets/Rock-Mat.mat
  artifactKey: Guid(e6968febae30fba408b2fb6011e2f311) Importer(815301076,1909f56bfc062723c751e8b465ee728b)
Start importing Assets/Rock-Mat.mat using Guid(e6968febae30fba408b2fb6011e2f311) Importer(815301076,1909f56bfc062723c751e8b465ee728b)  -> (artifact id: 'b60443e96d654c0c7901e44704093782') in 0.022111 seconds 
Number of updated asset objects reloaded before import = 0
Number of asset objects unloaded after import = 5
========================================================================
Received Import Request.
  Time since last request: 107.185042 seconds.
  path: Assets/Rock-Mat.mat
  artifactKey: Guid(e6968febae30fba408b2fb6011e2f311) Importer(815301076,1909f56bfc062723c751e8b465ee728b)
Start importing Assets/Rock-Mat.mat using Guid(e6968febae30fba408b2fb6011e2f311) Importer(815301076,1909f56bfc062723c751e8b465ee728b)  -> (artifact id: 'ceb79171220c0427b622be3ed8153e7d') in 0.033877 seconds 
Number of updated asset objects reloaded before import = 0
Number of asset objects unloaded after import = 5
========================================================================
Received Import Request.
  Time since last request: 0.000031 seconds.
  path: Assets/Rock-Mat 2.mat
  artifactKey: Guid(bca6416e2ea612f479bd9c9a8679c412) Importer(815301076,1909f56bfc062723c751e8b465ee728b)
Start importing Assets/Rock-Mat 2.mat using Guid(bca6416e2ea612f479bd9c9a8679c412) Importer(815301076,1909f56bfc062723c751e8b465ee728b)  -> (artifact id: '8cef545c32bd0724eb6883c47360a63b') in 0.020219 seconds 
Number of updated asset objects reloaded before import = 0
Number of asset objects unloaded after import = 7
========================================================================
Received Import Request.
  Time since last request: 97.005115 seconds.
  path: Assets/Rock-Mat 1.mat
  artifactKey: Guid(998c3cf710144e244ad21ce2e11b481c) Importer(815301076,1909f56bfc062723c751e8b465ee728b)
Start importing Assets/Rock-Mat 1.mat using Guid(998c3cf710144e244ad21ce2e11b481c) Importer(815301076,1909f56bfc062723c751e8b465ee728b)  -> (artifact id: 'b58e14376658bf1f8c7d05246550b417') in 0.023023 seconds 
Number of updated asset objects reloaded before import = 0
Number of asset objects unloaded after import = 7
========================================================================
Received Import Request.
  Time since last request: 208.033684 seconds.
  path: Assets/Rock-Mat.mat
  artifactKey: Guid(e6968febae30fba408b2fb6011e2f311) Importer(815301076,1909f56bfc062723c751e8b465ee728b)
Start importing Assets/Rock-Mat.mat using Guid(e6968febae30fba408b2fb6011e2f311) Importer(815301076,1909f56bfc062723c751e8b465ee728b)  -> (artifact id: '1edeacd8657b9e11a25d8e8893162f8f') in 0.017929 seconds 
Number of updated asset objects reloaded before import = 0
Number of asset objects unloaded after import = 5
========================================================================
Received Import Request.
  Time since last request: 0.000031 seconds.
  path: Assets/Rock-Mat 2.mat
  artifactKey: Guid(bca6416e2ea612f479bd9c9a8679c412) Importer(815301076,1909f56bfc062723c751e8b465ee728b)
Start importing Assets/Rock-Mat 2.mat using Guid(bca6416e2ea612f479bd9c9a8679c412) Importer(815301076,1909f56bfc062723c751e8b465ee728b)  -> (artifact id: 'c28bd93d8fb150ab08759dc07221da5f') in 0.013865 seconds 
Number of updated asset objects reloaded before import = 0
Number of asset objects unloaded after import = 6
========================================================================
Received Import Request.
  Time since last request: 1015.085182 seconds.
  path: Assets/Triplanar-Shader.shadergraph
  artifactKey: Guid(3f38a43cdcacb1e4dba63d2db34588c9) Importer(815301076,1909f56bfc062723c751e8b465ee728b)
Start importing Assets/Triplanar-Shader.shadergraph using Guid(3f38a43cdcacb1e4dba63d2db34588c9) Importer(815301076,1909f56bfc062723c751e8b465ee728b)  -> (artifact id: '7800b31410fbaaf9ef5a561ff5614292') in 0.015674 seconds 
Number of updated asset objects reloaded before import = 0
Number of asset objects unloaded after import = 3
========================================================================
Received Import Request.
  Time since last request: 66.066533 seconds.
  path: Assets/Rock-Mat 1.mat
  artifactKey: Guid(998c3cf710144e244ad21ce2e11b481c) Importer(815301076,1909f56bfc062723c751e8b465ee728b)
Start importing Assets/Rock-Mat 1.mat using Guid(998c3cf710144e244ad21ce2e11b481c) Importer(815301076,1909f56bfc062723c751e8b465ee728b)  -> (artifact id: '4a9d201caff0c7d66d3bfc911d0c5c86') in 0.016482 seconds 
Number of updated asset objects reloaded before import = 0
Number of asset objects unloaded after import = 7
========================================================================
Received Import Request.
  Time since last request: 208.542179 seconds.
  path: Assets/Rock-Mat 1.mat
  artifactKey: Guid(998c3cf710144e244ad21ce2e11b481c) Importer(815301076,1909f56bfc062723c751e8b465ee728b)
Start importing Assets/Rock-Mat 1.mat using Guid(998c3cf710144e244ad21ce2e11b481c) Importer(815301076,1909f56bfc062723c751e8b465ee728b)  -> (artifact id: '3047a2d2c263f44c4e672ed85c5d8214') in 0.019174 seconds 
Number of updated asset objects reloaded before import = 0
Number of asset objects unloaded after import = 7
========================================================================
Received Import Request.
  Time since last request: 194.306467 seconds.
  path: Assets/Rock-Mat.mat
  artifactKey: Guid(e6968febae30fba408b2fb6011e2f311) Importer(815301076,1909f56bfc062723c751e8b465ee728b)
Start importing Assets/Rock-Mat.mat using Guid(e6968febae30fba408b2fb6011e2f311) Importer(815301076,1909f56bfc062723c751e8b465ee728b)  -> (artifact id: '6e4b8b8eeeb3088e8c869206dacb5779') in 0.014455 seconds 
Number of updated asset objects reloaded before import = 0
Number of asset objects unloaded after import = 5
========================================================================
Received Import Request.
  Time since last request: 53.801455 seconds.
  path: Assets/Rock-Mat.mat
  artifactKey: Guid(e6968febae30fba408b2fb6011e2f311) Importer(815301076,1909f56bfc062723c751e8b465ee728b)
Start importing Assets/Rock-Mat.mat using Guid(e6968febae30fba408b2fb6011e2f311) Importer(815301076,1909f56bfc062723c751e8b465ee728b)  -> (artifact id: 'b8ea1d0e61691f752f8f9737d3abdd79') in 0.015361 seconds 
Number of updated asset objects reloaded before import = 0
Number of asset objects unloaded after import = 5
========================================================================
Received Import Request.
  Time since last request: 351.376143 seconds.
  path: Assets/Rock-Mat 2.mat
  artifactKey: Guid(bca6416e2ea612f479bd9c9a8679c412) Importer(815301076,1909f56bfc062723c751e8b465ee728b)
Start importing Assets/Rock-Mat 2.mat using Guid(bca6416e2ea612f479bd9c9a8679c412) Importer(815301076,1909f56bfc062723c751e8b465ee728b)  -> (artifact id: '2ad4869fe3a3811aeb2bfa021393d3f8') in 0.018580 seconds 
Number of updated asset objects reloaded before import = 0
Number of asset objects unloaded after import = 6
